
> adam-portfolio@0.1.0 dev
> next dev --turbopack

   ▲ Next.js 15.5.3 (Turbopack)
   - Local:        http://localhost:3000
   - Network:      http://192.168.0.212:3000
   - Environments: .env.local
   - Experiments (use with caution):
     · optimizePackageImports

 ✓ Starting...
 ✓ Ready in 783ms
 ○ Compiling / ...
 ✓ Compiled / in 1877ms
 HEAD / 200 in 2146ms
 GET / 200 in 168ms
 ✓ Compiled /favicon.ico in 369ms
 GET /favicon.ico 200 in 663ms
 ✓ Compiled in 751ms
 ✓ Compiled / in 76ms
 GET / 200 in 306ms
 GET / 200 in 870ms
 ✓ Compiled / in 30ms
 GET / 200 in 208ms
 GET / 200 in 230ms
 GET /favicon.ico 200 in 257ms
 ⨯ ./src/data/experience.json
Code generation for chunk item errored
An error occurred while generating the chunk item [project]/src/data/experience.json (json)

Caused by:
- Unable to make a module from invalid JSON: expected `,` or `}` at line 15 column 5

Debug info:
- An error occurred while generating the chunk item [project]/src/data/experience.json (json)
- Execution of *EcmascriptChunkItemContent::module_factory failed
- Execution of <JsonChunkItem as EcmascriptChunkItem>::content failed
- Unable to make a module from invalid JSON: expected `,` or `}` at line 15 column 5
    at [0].?
      11 |     "technologies": ["Mikrotik", "AI/ML", "CRM", "Cloud Server", "Database", "Automation"],
      12 |     "responsibility": [
      13 |       "Generate leads from google ads, facebook leads, and advertising to the CRM"
      14 |     ]
         |     v
      15 +     "achievements": [
         |     ^
      16 |       "Increased conversion rates by 40% through AI-driven optimization",
      17 |       "Built automated sales agent system processing 1000+ leads daily",
      18 |       "Reduced manual workflow time by 60% through custom automation",
      19 |       "Managed $500K+ monthly ad spend across multiple channels",

Import trace:
  Server Component:
    ./src/data/experience.json
    ./src/app/page.tsx


 ○ Compiling /_error ...
 ⨯ ./src/data/experience.json
Code generation for chunk item errored
An error occurred while generating the chunk item [project]/src/data/experience.json (json)

Caused by:
- Unable to make a module from invalid JSON: expected `,` or `}` at line 15 column 5

Debug info:
- An error occurred while generating the chunk item [project]/src/data/experience.json (json)
- Execution of *EcmascriptChunkItemContent::module_factory failed
- Execution of <JsonChunkItem as EcmascriptChunkItem>::content failed
- Unable to make a module from invalid JSON: expected `,` or `}` at line 15 column 5
    at [0].?
      11 |     "technologies": ["Mikrotik", "AI/ML", "CRM", "Cloud Server", "Database", "Automation"],
      12 |     "responsibility": [
      13 |       "Generate leads from google ads, facebook leads, and advertising to the CRM"
      14 |     ]
         |     v
      15 +     "achievements": [
         |     ^
      16 |       "Increased conversion rates by 40% through AI-driven optimization",
      17 |       "Built automated sales agent system processing 1000+ leads daily",
      18 |       "Reduced manual workflow time by 60% through custom automation",
      19 |       "Managed $500K+ monthly ad spend across multiple channels",

Import trace:
  Server Component:
    ./src/data/experience.json
    ./src/app/page.tsx


 ✓ Compiled /_error in 1225ms
 GET / 500 in 290ms
 GET /favicon.ico 500 in 37ms
 ⨯ ./src/data/experience.json
Code generation for chunk item errored
An error occurred while generating the chunk item [project]/src/data/experience.json (json)

Caused by:
- Unable to make a module from invalid JSON: expected `,` or `}` at line 15 column 5

Debug info:
- An error occurred while generating the chunk item [project]/src/data/experience.json (json)
- Execution of *EcmascriptChunkItemContent::module_factory failed
- Execution of <JsonChunkItem as EcmascriptChunkItem>::content failed
- Unable to make a module from invalid JSON: expected `,` or `}` at line 15 column 5
    at [0].?
      11 |     "technologies": ["Mikrotik", "AI/ML", "CRM", "Cloud Server", "Database", "Automation"],
      12 |     "responsibility": [
      13 |       "Generate leads from google ads, facebook leads, and advertising to the CRM"
      14 |     ]
         |     v
      15 +     "achievements": [
         |     ^
      16 |       "Increased conversion rates by 40% through AI-driven optimization",
      17 |       "Built automated sales agent system processing 1000+ leads daily",
      18 |       "Reduced manual workflow time by 60% through custom automation",
      19 |       "Managed $500K+ monthly ad spend across multiple channels",

Import trace:
  Server Component:
    ./src/data/experience.json
    ./src/app/page.tsx


 GET / 500 in 65ms
 GET /favicon.ico 500 in 27ms
 ⨯ ./src/data/experience.json
Code generation for chunk item errored
An error occurred while generating the chunk item [project]/src/data/experience.json (json)

Caused by:
- Unable to make a module from invalid JSON: expected `,` or `}` at line 15 column 5

Debug info:
- An error occurred while generating the chunk item [project]/src/data/experience.json (json)
- Execution of *EcmascriptChunkItemContent::module_factory failed
- Execution of <JsonChunkItem as EcmascriptChunkItem>::content failed
- Unable to make a module from invalid JSON: expected `,` or `}` at line 15 column 5
    at [0].?
      11 |     "technologies": ["Mikrotik", "AI/ML", "CRM", "Cloud Server", "Database", "Automation"],
      12 |     "responsibility": [
      13 |       "Generate leads from google ads, facebook leads, and advertising to the CRM"
      14 |     ]
         |     v
      15 +     "achievements": [
         |     ^
      16 |       "Increased conversion rates by 40% through AI-driven optimization",
      17 |       "Built automated sales agent system processing 1000+ leads daily",
      18 |       "Reduced manual workflow time by 60% through custom automation",
      19 |       "Managed $500K+ monthly ad spend across multiple channels",

Import trace:
  Server Component:
    ./src/data/experience.json
    ./src/app/page.tsx


 GET / 500 in 59ms
 GET /favicon.ico 500 in 48ms
 ✓ Compiled in 123ms
 ✓ Compiled / in 45ms
 GET / 200 in 420ms
 GET /favicon.ico 200 in 301ms
 ✓ Compiled in 141ms
 ✓ Compiled / in 34ms
 GET / 200 in 187ms
 ✓ Compiled / in 27ms
 GET / 200 in 136ms
 ✓ Compiled in 109ms
 ✓ Compiled / in 28ms
 GET / 200 in 398ms
 GET / 200 in 225ms
 GET /favicon.ico 200 in 310ms
 ✓ Compiled in 98ms
 ✓ Compiled / in 34ms
 GET / 200 in 147ms
 GET / 200 in 249ms
 GET /favicon.ico 200 in 283ms
 ✓ Compiled / in 22ms
 GET / 200 in 116ms
 ✓ Compiled / in 28ms
 GET / 200 in 173ms
 GET / 200 in 783ms
 GET /favicon.ico 200 in 335ms
 GET / 200 in 168ms
 ✓ Compiled in 165ms
 ✓ Compiled / in 46ms
 GET / 200 in 223ms
 ✓ Compiled / in 14ms
 GET / 200 in 111ms
 ✓ Compiled / in 17ms
 GET / 200 in 121ms
 ✓ Compiled in 320ms
 GET / 200 in 276ms
